Build started 2021-10-18 19:33:51.
     1>Project "C:\Users\Dreg\Desktop\rpt2\evilmass\stages\stage2\stage2\stage2.vcxproj" on node 2 (Rebuild target(s)).
     1>ClCompile:
         C:\Program Files (x86)\Microsoft Visual Studio 12.0\VC\bin\CL.exe /c /ZI /nologo /W4 /WX- /sdl /Od /Oy- /D _CRT_NONSTDC_NO_DEPRECATE /D _CRT_SECURE_NO_DEPRECATE /D _CRT_SECURE_NO_WARNINGS /D _WINSOCK_DEPRECATED_NO_WARNINGS /D WIN32 /D _DEBUG /D _CONSOLE /D _LIB /D _USING_V110_SDK71_ /D _UNICODE /D UNICODE /Gm /EHsc /RTC1 /MTd /GS /fp:precise /Zc:wchar_t /Zc:forScope /Fo"Debug\\" /Fd"Debug\vc120.pdb" /Gd /TC /analyze- /errorReport:prompt ..\..\com\com.c main.c
         main.c
     1>c:\users\dreg\desktop\rpt2\evilmass\stages\stage2\stage2\main.c(88): warning C4127: conditional expression is constant
     1>c:\users\dreg\desktop\rpt2\evilmass\stages\stage2\stage2\main.c(95): warning C4127: conditional expression is constant
     1>c:\users\dreg\desktop\rpt2\evilmass\stages\stage2\stage2\main.c(121): warning C4127: conditional expression is constant
     1>c:\users\dreg\desktop\rpt2\evilmass\stages\stage2\stage2\main.c(162): warning C4127: conditional expression is constant
     1>c:\users\dreg\desktop\rpt2\evilmass\stages\stage2\stage2\main.c(169): warning C4127: conditional expression is constant
     1>c:\users\dreg\desktop\rpt2\evilmass\stages\stage2\stage2\main.c(192): warning C4101: 'hProcess' : unreferenced local variable
     1>c:\users\dreg\desktop\rpt2\evilmass\stages\stage2\stage2\main.c(194): warning C4101: 'dwPriorityClass' : unreferenced local variable
     1>c:\users\dreg\desktop\rpt2\evilmass\stages\stage2\stage2\main.c(290): warning C4057: 'function' : 'char *' differs in indirection to slightly different base types from 'unsigned char [7]'
     1>c:\users\dreg\desktop\rpt2\evilmass\stages\stage2\stage2\main.c(291): warning C4013: 'time' undefined; assuming extern returning int
     1>c:\users\dreg\desktop\rpt2\evilmass\stages\stage2\stage2\main.c(402): warning C4127: conditional expression is constant
     1>c:\users\dreg\desktop\rpt2\evilmass\stages\stage2\stage2\main.c(409): warning C4127: conditional expression is constant
     1>c:\users\dreg\desktop\rpt2\evilmass\stages\stage2\stage2\main.c(336): warning C4100: 'argv' : unreferenced formal parameter
     1>c:\users\dreg\desktop\rpt2\evilmass\stages\stage2\stage2\main.c(336): warning C4100: 'argc' : unreferenced formal parameter
         com.c
         Generating Code...
     1>c:\users\dreg\desktop\rpt2\evilmass\stages\com\com.c(236): warning C4706: assignment within conditional expression
       Link:
         C:\Program Files (x86)\Microsoft Visual Studio 12.0\VC\bin\link.exe /ERRORREPORT:PROMPT /OUT:"C:\Users\Dreg\Desktop\rpt2\evilmass\stages\stage2\Debug\stage2.exe" /INCREMENTAL /NOLOGO kernel32.lib user32.lib gdi32.lib winspool.lib comdlg32.lib advapi32.lib shell32.lib ole32.lib oleaut32.lib uuid.lib odbc32.lib odbccp32.lib /MANIFEST /MANIFESTUAC:"level='asInvoker' uiAccess='false'" /manifest:embed /DEBUG /PDB:"C:\Users\Dreg\Desktop\rpt2\evilmass\stages\stage2\Debug\stage2.pdb" /SUBSYSTEM:CONSOLE,"5.01" /TLBID:1 /DYNAMICBASE /NXCOMPAT /IMPLIB:"C:\Users\Dreg\Desktop\rpt2\evilmass\stages\stage2\Debug\stage2.lib" /MACHINE:X86 Debug\com.obj
         Debug\main.obj
         stage2.vcxproj -> C:\Users\Dreg\Desktop\rpt2\evilmass\stages\stage2\Debug\stage2.exe
       PostBuildEvent:
         copy /b/v/y ..\Debug\stage2.exe ..\..\..\sdtools\
         :VCEnd
                 1 file(s) copied.
     1>Done Building Project "C:\Users\Dreg\Desktop\rpt2\evilmass\stages\stage2\stage2\stage2.vcxproj" (Rebuild target(s)).

Build succeeded.

Time Elapsed 00:00:01.85
