

PING FROM VICTIM RECVED!

Sent a reply

Packet len: 46

Packet nr: 0
Received [46 bytes]: RSSI: -30

sdatarecv
45 58 46 42 4C 4B 00 86 89 B6 61 00 00 00 00 00 74 68 69 73 20 69 73 20 74 6F 70 20 73 65 63 72 65 74 20 31 20 4F 4E 45 20 4F 4E 45 21 21 
edatarecv

Sent a reply

Packet len: 46

Packet nr: 1
Received [46 bytes]: RSSI: -30

sdatarecv
45 58 46 42 4C 4B 00 86 89 B6 61 01 00 00 00 00 21 21 21 20 31 31 31 31 31 31 31 31 31 31 31 31 31 31 31 31 31 31 31 31 31 31 31 31 31 31 
edatarecv

Sent a reply

Packet len: 46

Packet nr: 2
Received [46 bytes]: RSSI: -30

sdatarecv
45 58 46 42 4C 4B 00 86 89 B6 61 02 00 00 00 00 31 31 31 31 31 31 31 31 20 31 31 31 31 31 31 31 31 31 31 31 31 31 31 31 31 31 31 31 31 31 
edatarecv

Sent a reply

Packet len: 46

Packet nr: 3
Received [46 bytes]: RSSI: -30

sdatarecv
45 58 46 42 4C 4B 00 86 89 B6 61 03 00 00 00 00 31 31 31 31 20 4F 4E 45 2C 20 59 45 53 20 4F 4E 45 21 00 00 00 00 00 00 00 00 00 00 00 00 
edatarecv

Sent a reply

Packet len: 46

Packet nr: 4
Received [46 bytes]: RSSI: -29

sdatarecv
45 58 46 42 4C 4B 00 86 89 B6 61 04 00 00 00 01 B5 18 A5 E4 6C 00 00 00 43 3A 5C 74 6F 70 73 65 63 72 65 74 5F 31 2E 74 78 74 00 00 00 00 
edatarecv

Sent a reply

Packet len: 46

Packet nr: 5
Received [46 bytes]: RSSI: -30

sdatarecv
45 58 46 42 4C 4B 00 C9 89 B6 61 00 00 00 00 00 74 68 69 73 20 69 73 20 74 6F 70 20 73 65 63 72 65 74 20 54 57 4F 00 00 00 00 00 00 00 00 
edatarecv

Sent a reply

Packet len: 46

Packet nr: 6
Received [46 bytes]: RSSI: -30

sdatarecv
45 58 46 42 4C 4B 00 C9 89 B6 61 01 00 00 00 01 E8 07 D3 9C 16 00 00 00 43 3A 5C 74 6F 70 73 65 63 72 65 74 5F 32 2E 74 78 74 00 00 00 00 
edatarecv

Sent a reply
