Build started 2021-10-11 12:50:29.
     1>Project "C:\Users\Dreg\Desktop\rpt2\evilmass\sdtools\sdtool\sdtool\sdtool.vcxproj" on node 2 (Rebuild target(s)).
     1>ClCompile:
         C:\Program Files (x86)\Microsoft Visual Studio 12.0\VC\bin\CL.exe /c /ZI /nologo /W4 /WX- /sdl /Od /Oy- /D _CRT_NONSTDC_NO_DEPRECATE /D _CRT_SECURE_NO_DEPRECATE /D _CRT_SECURE_NO_WARNINGS /D _WINSOCK_DEPRECATED_NO_WARNINGS /D WIN32 /D _DEBUG /D _CONSOLE /D _LIB /D _USING_V110_SDK71_ /D _UNICODE /D UNICODE /Gm /EHsc /RTC1 /MTd /GS /fp:precise /Zc:wchar_t /Zc:forScope /Fo"Debug\\" /Fd"Debug\vc120.pdb" /Gd /TP /analyze- /errorReport:prompt sdtool.cpp
         sdtool.cpp
     1>c:\users\dreg\desktop\rpt2\evilmass\sdtools\sdtool\sdtool\sdtool.cpp(422): warning C4018: '>' : signed/unsigned mismatch
     1>c:\users\dreg\desktop\rpt2\evilmass\sdtools\sdtool\sdtool\sdtool.cpp(422): warning C4018: '<' : signed/unsigned mismatch
     1>c:\users\dreg\desktop\rpt2\evilmass\sdtools\sdtool\sdtool\sdtool.cpp(437): warning C4018: '>' : signed/unsigned mismatch
     1>c:\users\dreg\desktop\rpt2\evilmass\sdtools\sdtool\sdtool\sdtool.cpp(437): warning C4018: '<' : signed/unsigned mismatch
     1>c:\users\dreg\desktop\rpt2\evilmass\sdtools\sdtool\sdtool\sdtool.cpp(389): warning C4100: 'map_seq' : unreferenced formal parameter
     1>c:\users\dreg\desktop\rpt2\evilmass\sdtools\sdtool\sdtool\sdtool.cpp(555): warning C4189: 'total_sectors_optimized' : local variable is initialized but not referenced
     1>c:\users\dreg\desktop\rpt2\evilmass\sdtools\sdtool\sdtool\sdtool.cpp(411): warning C4702: unreachable code
       Link:
         C:\Program Files (x86)\Microsoft Visual Studio 12.0\VC\bin\link.exe /ERRORREPORT:PROMPT /OUT:"C:\Users\Dreg\Desktop\rpt2\evilmass\sdtools\sdtool\Debug\sdtool.exe" /INCREMENTAL /NOLOGO kernel32.lib user32.lib gdi32.lib winspool.lib comdlg32.lib advapi32.lib shell32.lib ole32.lib oleaut32.lib uuid.lib odbc32.lib odbccp32.lib /MANIFEST /MANIFESTUAC:"level='asInvoker' uiAccess='false'" /manifest:embed /DEBUG /PDB:"C:\Users\Dreg\Desktop\rpt2\evilmass\sdtools\sdtool\Debug\sdtool.pdb" /SUBSYSTEM:CONSOLE,"5.01" /TLBID:1 /DYNAMICBASE /NXCOMPAT /IMPLIB:"C:\Users\Dreg\Desktop\rpt2\evilmass\sdtools\sdtool\Debug\sdtool.lib" /MACHINE:X86 Debug\sdtool.obj
         sdtool.vcxproj -> C:\Users\Dreg\Desktop\rpt2\evilmass\sdtools\sdtool\Debug\sdtool.exe
       PostBuildEvent:
         copy /b/v/y ..\Debug\sdtool.exe ..\..\
         :VCEnd
                 1 file(s) copied.
     1>Done Building Project "C:\Users\Dreg\Desktop\rpt2\evilmass\sdtools\sdtool\sdtool\sdtool.vcxproj" (Rebuild target(s)).

Build succeeded.

Time Elapsed 00:00:01.92
