Build started 2021-10-08 16:03:24.
     1>Project "C:\Users\Dreg\Desktop\evilmass\stages\stage2\stage2\stage2.vcxproj" on node 2 (Rebuild target(s)).
     1>ClCompile:
         C:\Program Files (x86)\Microsoft Visual Studio 12.0\VC\bin\CL.exe /c /Zi /nologo /W4 /WX- /sdl /O2 /Oi /Oy- /GL /D _CRT_NONSTDC_NO_DEPRECATE /D _CRT_SECURE_NO_DEPRECATE /D _CRT_SECURE_NO_WARNINGS /D _WINSOCK_DEPRECATED_NO_WARNINGS /D WIN32 /D NDEBUG /D _CONSOLE /D _LIB /D _USING_V110_SDK71_ /D _UNICODE /D UNICODE /Gm- /EHsc /MT /GS /Gy /fp:precise /Zc:wchar_t /Zc:forScope /Fo"Release\\" /Fd"Release\vc120.pdb" /Gd /TC /analyze- /errorReport:prompt ..\..\com\com.c main.c
         com.c
         main.c
     1>main.c(35): warning C4100: 'argv' : unreferenced formal parameter
     1>main.c(35): warning C4100: 'argc' : unreferenced formal parameter
       Link:
         C:\Program Files (x86)\Microsoft Visual Studio 12.0\VC\bin\link.exe /ERRORREPORT:PROMPT /OUT:"C:\Users\Dreg\Desktop\evilmass\stages\stage2\Release\stage2.exe" /INCREMENTAL:NO /NOLOGO kernel32.lib user32.lib gdi32.lib winspool.lib comdlg32.lib advapi32.lib shell32.lib ole32.lib oleaut32.lib uuid.lib odbc32.lib odbccp32.lib /MANIFEST /MANIFESTUAC:"level='asInvoker' uiAccess='false'" /manifest:embed /DEBUG /PDB:"C:\Users\Dreg\Desktop\evilmass\stages\stage2\Release\stage2.pdb" /SUBSYSTEM:CONSOLE,"5.01" /OPT:REF /OPT:ICF /LTCG /TLBID:1 /DYNAMICBASE /NXCOMPAT /IMPLIB:"C:\Users\Dreg\Desktop\evilmass\stages\stage2\Release\stage2.lib" /MACHINE:X86 /SAFESEH Release\com.obj
         Release\main.obj
         Generating code
         Finished generating code
         stage2.vcxproj -> C:\Users\Dreg\Desktop\evilmass\stages\stage2\Release\stage2.exe
       PostBuildEvent:
         copy /b/v/y ..\Release\stage2.exe ..\..\..\sdtools\
         :VCEnd
                 1 file(s) copied.
     1>Done Building Project "C:\Users\Dreg\Desktop\evilmass\stages\stage2\stage2\stage2.vcxproj" (Rebuild target(s)).

Build succeeded.

Time Elapsed 00:00:01.09
